BelieveApp/folioreader/build/outputs/logs/manifest-merger-debug-report.txt
-- Merging decision tree log ---
manifest
ADDED from BelieveApp/folioreader/AndroidManifest.xml:2:1-11:12
INJECTED from BelieveApp/folioreader/AndroidManifest.xml:2:1-11:12
INJECTED from BelieveApp/folioreader/AndroidManifest.xml:2:1-11:12
INJECTED from BelieveApp/folioreader/AndroidManifest.xml:2:1-11:12
INJECTED from BelieveApp/folioreader/AndroidManifest.xml:2:1-11:12
INJECTED from BelieveApp/folioreader/AndroidManifest.xml:2:1-11:12
INJECTED from BelieveApp/folioreader/AndroidManifest.xml:2:1-11:12
	package
		ADDED from BelieveApp/folioreader/AndroidManifest.xml:3:5-30
		INJECTED from BelieveApp/folioreader/AndroidManifest.xml
		INJECTED from BelieveApp/folioreader/AndroidManifest.xml
	android:versionName
		INJECTED from BelieveApp/folioreader/AndroidManifest.xml
		ADDED from BelieveApp/folioreader/AndroidManifest.xml:2:1-11:12
		INJECTED from BelieveApp/folioreader/AndroidManifest.xml
	android:versionCode
		INJECTED from BelieveApp/folioreader/AndroidManifest.xml
		ADDED from BelieveApp/folioreader/AndroidManifest.xml:2:1-11:12
		INJECTED from BelieveApp/folioreader/AndroidManifest.xml
	xmlns:android
		ADDED from BelieveApp/folioreader/AndroidManifest.xml:2:11-69
application
ADDED from BelieveApp/folioreader/AndroidManifest.xml:5:5-9:19
activity#com.folioreader.ui.folio.activity.ContentHighlightActivity
ADDED from BelieveApp/folioreader/AndroidManifest.xml:6:9-8:63
	android:configChanges
		ADDED from BelieveApp/folioreader/AndroidManifest.xml:8:13-61
	android:theme
		ADDED from BelieveApp/folioreader/AndroidManifest.xml:7:13-69
	android:name
		ADDED from BelieveApp/folioreader/AndroidManifest.xml:6:19-77
uses-sdk
INJECTED from BelieveApp/folioreader/AndroidManifest.xml reason: use-sdk injection requested
INJECTED from BelieveApp/folioreader/AndroidManifest.xml
INJECTED from BelieveApp/folioreader/AndroidManifest.xml
INJECTED from BelieveApp/folioreader/AndroidManifest.xml
INJECTED from BelieveApp/folioreader/AndroidManifest.xml
	android:targetSdkVersion
		INJECTED from BelieveApp/folioreader/AndroidManifest.xml
		ADDED from BelieveApp/folioreader/AndroidManifest.xml
		INJECTED from BelieveApp/folioreader/AndroidManifest.xml
	android:minSdkVersion
		INJECTED from BelieveApp/folioreader/AndroidManifest.xml
		ADDED from BelieveApp/folioreader/AndroidManifest.xml
		INJECTED from BelieveApp/folioreader/AndroidManifest.xml